<?xml version="1.0" encoding="UTF-8"?>
<!-- Generated by org.testng.reporters.JUnitXMLReporter -->
<testsuite ignored="0" hostname="DESKTOP-DUSTU3B" failures="0" tests="6" name="Default test" time="29.667" errors="0" timestamp="2021-09-16T16:04:21 IST">
  <testcase classname="com.sgtesting.dataprovider.DataProviderDemo" name="launchBrowser" time="2.775"/>
  <testcase classname="com.sgtesting.dataprovider.DataProviderDemo" name="navigate" time="6.272"/>
  <testcase classname="com.sgtesting.dataprovider.DataProviderDemo" name="login" time="12.489"/>
  <testcase classname="com.sgtesting.dataprovider.DataProviderDemo" name="login" time="7.676"/>
  <testcase classname="com.sgtesting.dataprovider.DataProviderDemo" name="login" time="0.032"/>
  <testcase classname="com.sgtesting.dataprovider.DataProviderDemo" name="closeApplication" time="0.263"/>
</testsuite> <!-- Default test -->
