<?xml version="1.0" encoding="UTF-8"?>
<testng-results ignored="0" total="6" passed="6" failed="0" skipped="0">
  <reporter-output>
  </reporter-output>
  <suite started-at="2021-09-16T16:03:51 IST" name="Default suite" finished-at="2021-09-16T16:04:21 IST" duration-ms="29667">
    <groups>
    </groups>
    <test started-at="2021-09-16T16:03:51 IST" name="Default test" finished-at="2021-09-16T16:04:21 IST" duration-ms="29667">
      <class name="com.sgtesting.dataprovider.DataProviderDemo">
        <test-method signature="launchBrowser()[pri:1, instance:com.sgtesting.dataprovider.DataProviderDemo@4313f5bc]" started-at="2021-09-16T16:03:51 IST" name="launchBrowser" finished-at="2021-09-16T16:03:54 IST" duration-ms="2775" status="PASS">
          <reporter-output>
          </reporter-output>
        </test-method> <!-- launchBrowser -->
        <test-method signature="navigate()[pri:2, instance:com.sgtesting.dataprovider.DataProviderDemo@4313f5bc]" started-at="2021-09-16T16:03:54 IST" name="navigate" finished-at="2021-09-16T16:04:00 IST" duration-ms="6272" status="PASS">
          <reporter-output>
          </reporter-output>
        </test-method> <!-- navigate -->
        <test-method signature="login(java.lang.String,java.lang.String)[pri:3, instance:com.sgtesting.dataprovider.DataProviderDemo@4313f5bc]" started-at="2021-09-16T16:04:00 IST" name="login" data-provider="getLoginData" finished-at="2021-09-16T16:04:13 IST" duration-ms="12489" status="PASS">
          <params>
            <param index="0">
              <value>
                <![CDATA[admin]]>
              </value>
            </param>
            <param index="1">
              <value>
                <![CDATA[manager]]>
              </value>
            </param>
          </params>
          <reporter-output>
          </reporter-output>
        </test-method> <!-- login -->
        <test-method signature="login(java.lang.String,java.lang.String)[pri:3, instance:com.sgtesting.dataprovider.DataProviderDemo@4313f5bc]" started-at="2021-09-16T16:04:13 IST" name="login" data-provider="getLoginData" finished-at="2021-09-16T16:04:20 IST" duration-ms="7676" status="PASS">
          <params>
            <param index="0">
              <value>
                <![CDATA[admin]]>
              </value>
            </param>
            <param index="1">
              <value>
                <![CDATA[manager]]>
              </value>
            </param>
          </params>
          <reporter-output>
          </reporter-output>
        </test-method> <!-- login -->
        <test-method signature="login(java.lang.String,java.lang.String)[pri:3, instance:com.sgtesting.dataprovider.DataProviderDemo@4313f5bc]" started-at="2021-09-16T16:04:20 IST" name="login" data-provider="getLoginData" finished-at="2021-09-16T16:04:20 IST" duration-ms="32" status="PASS">
          <params>
            <param index="0">
              <value>
                <![CDATA[admin]]>
              </value>
            </param>
            <param index="1">
              <value>
                <![CDATA[manager]]>
              </value>
            </param>
          </params>
          <reporter-output>
          </reporter-output>
        </test-method> <!-- login -->
        <test-method signature="closeApplication()[pri:4, instance:com.sgtesting.dataprovider.DataProviderDemo@4313f5bc]" started-at="2021-09-16T16:04:20 IST" name="closeApplication" finished-at="2021-09-16T16:04:21 IST" duration-ms="263" status="PASS">
          <reporter-output>
          </reporter-output>
        </test-method> <!-- closeApplication -->
      </class> <!-- com.sgtesting.dataprovider.DataProviderDemo -->
    </test> <!-- Default test -->
  </suite> <!-- Default suite -->
</testng-results>
